0 verbose cli D:\Program Files\nodejs\node.exe C:\Users\T470s\AppData\Roaming\npm\node_modules\npm\bin\npm-cli.js
1 info using npm@11.12.1
2 info using node@v24.12.0
3 silly config load:file:C:\Users\T470s\AppData\Roaming\npm\node_modules\npm\npmrc
4 silly config load:file:C:\Users\T470s\.node_modules\.npmrc
5 silly config load:file:C:\Users\T470s\.npmrc
6 silly config load:file:C:\Users\T470s\AppData\Roaming\npm\etc\npmrc
7 verbose title npm install axios socket.io-client
8 verbose argv "--prefix" "C:\\Users\\T470s\\.node_modules" "install" "axios" "socket.io-client"
9 verbose logfile logs-max:10 dir:D:\Users\T470s\Downloads\MERN III\Frontend+ backend\module8+9+(final)\npm-cache\_logs\2026-05-02T16_41_02_272Z-
10 verbose logfile D:\Users\T470s\Downloads\MERN III\Frontend+ backend\module8+9+(final)\npm-cache\_logs\2026-05-02T16_41_02_272Z-debug-0.log
11 silly logfile start cleaning logs, removing 1 files
12 silly packumentCache heap:6577717248 maxSize:1644429312 maxEntrySize:822214656
13 silly logfile done cleaning log files
14 silly idealTree buildDeps
15 silly fetch manifest axios@^1.16.0
16 silly packumentCache full:https://registry.npmjs.org/axios cache-miss
17 http fetch GET 200 https://registry.npmjs.org/axios 320ms (cache revalidated)
18 silly packumentCache full:https://registry.npmjs.org/axios set size:810373 disposed:false
19 silly fetch manifest socket.io-client@^4.8.3
20 silly packumentCache full:https://registry.npmjs.org/socket.io-client cache-miss
21 http fetch GET 200 https://registry.npmjs.org/socket.io-client 64ms (cache revalidated)
22 silly packumentCache full:https://registry.npmjs.org/socket.io-client set size:410355 disposed:false
23 silly placeDep ROOT axios@1.16.0 REPLACE for:  want: ^1.16.0
24 silly placeDep ROOT socket.io-client@4.8.3 REPLACE for:  want: ^4.8.3
25 silly reify moves {}
26 silly audit bulk request {
26 silly audit   '@socket.io/component-emitter': [ '3.1.2' ],
26 silly audit   asynckit: [ '0.4.0' ],
26 silly audit   'call-bind-apply-helpers': [ '1.0.2' ],
26 silly audit   'combined-stream': [ '1.0.8' ],
26 silly audit   debug: [ '4.4.3' ],
26 silly audit   'delayed-stream': [ '1.0.0' ],
26 silly audit   'dunder-proto': [ '1.0.1' ],
26 silly audit   'engine.io-client': [ '6.6.4' ],
26 silly audit   'engine.io-parser': [ '5.2.3' ],
26 silly audit   'es-define-property': [ '1.0.1' ],
26 silly audit   'es-errors': [ '1.3.0' ],
26 silly audit   'es-object-atoms': [ '1.1.1' ],
26 silly audit   'es-set-tostringtag': [ '2.1.0' ],
26 silly audit   'follow-redirects': [ '1.16.0' ],
26 silly audit   'form-data': [ '4.0.5' ],
26 silly audit   'function-bind': [ '1.1.2' ],
26 silly audit   'get-intrinsic': [ '1.3.0' ],
26 silly audit   'get-proto': [ '1.0.1' ],
26 silly audit   gopd: [ '1.2.0' ],
26 silly audit   'has-symbols': [ '1.1.0' ],
26 silly audit   'has-tostringtag': [ '1.0.2' ],
26 silly audit   hasown: [ '2.0.3' ],
26 silly audit   'math-intrinsics': [ '1.1.0' ],
26 silly audit   'mime-db': [ '1.52.0' ],
26 silly audit   'mime-types': [ '2.1.35' ],
26 silly audit   ms: [ '2.1.3' ],
26 silly audit   'proxy-from-env': [ '2.1.0' ],
26 silly audit   'socket.io-parser': [ '4.2.6' ],
26 silly audit   ws: [ '8.18.3' ],
26 silly audit   'xmlhttprequest-ssl': [ '2.1.2' ],
26 silly audit   axios: [ '1.16.0' ],
26 silly audit   'socket.io-client': [ '4.8.3' ]
26 silly audit }
27 http fetch POST 200 https://registry.npmjs.org/-/npm/v1/security/advisories/bulk 340ms
28 silly audit report {}
29 verbose cwd D:\Users\T470s\Downloads\MERN III\Frontend+ backend\module8+9+(final)
30 verbose os Windows_NT 10.0.19045
31 verbose node v24.12.0
32 verbose npm  v11.12.1
33 verbose exit 0
34 info ok
35 error A complete log of this run can be found in: D:\Users\T470s\Downloads\MERN III\Frontend+ backend\module8+9+(final)\npm-cache\_logs\2026-05-02T16_41_02_272Z-debug-0.log
