0 verbose cli D:\Program Files\nodejs\node.exe C:\Users\T470s\AppData\Roaming\npm\node_modules\npm\bin\npm-cli.js
1 info using npm@11.12.1
2 info using node@v24.12.0
3 silly config load:file:C:\Users\T470s\AppData\Roaming\npm\node_modules\npm\npmrc
4 silly config load:file:d:\Users\T470s\Downloads\MERN III\Frontend+ backend\module8+9+(final)\.npmrc
5 silly config load:file:C:\Users\T470s\.npmrc
6 silly config load:file:C:\Users\T470s\AppData\Roaming\npm\etc\npmrc
7 verbose title npm install
8 verbose argv "install" "--package-lock-only"
9 verbose logfile logs-max:10 dir:D:\Users\T470s\Downloads\MERN III\Frontend+ backend\module8+9+(final)\npm-cache\_logs\2026-05-12T14_08_12_250Z-
10 verbose logfile D:\Users\T470s\Downloads\MERN III\Frontend+ backend\module8+9+(final)\npm-cache\_logs\2026-05-12T14_08_12_250Z-debug-0.log
11 silly logfile start cleaning logs, removing 1 files
12 silly packumentCache heap:2348810240 maxSize:587202560 maxEntrySize:293601280
13 silly logfile done cleaning log files
14 silly idealTree buildDeps
15 http cache https://registry.npmjs.org/@tailwindcss/oxide-wasm32-wasi/-/oxide-wasm32-wasi-4.2.2.tgz 1ms (cache hit)
16 silly fetch manifest tailwindcss@^3.4.0
17 silly packumentCache full:https://registry.npmjs.org/tailwindcss cache-miss
18 http fetch GET 200 https://registry.npmjs.org/tailwindcss 25473ms (cache updated)
19 silly packumentCache full:https://registry.npmjs.org/tailwindcss set size:undefined disposed:false
20 http fetch GET 200 https://registry.npmjs.org/npm 26702ms
21 verbose stack Error: could not resolve
21 verbose stack     at PlaceDep.failPeerConflict (C:\Users\T470s\AppData\Roaming\npm\node_modules\npm\node_modules\@npmcli\arborist\lib\place-dep.js:503:25)
21 verbose stack     at new PlaceDep (C:\Users\T470s\AppData\Roaming\npm\node_modules\npm\node_modules\@npmcli\arborist\lib\place-dep.js:157:21)
21 verbose stack     at #buildDepStep (C:\Users\T470s\AppData\Roaming\npm\node_modules\npm\node_modules\@npmcli\arborist\lib\arborist\build-ideal-tree.js:933:18)
21 verbose stack     at async Arborist.buildIdealTree (C:\Users\T470s\AppData\Roaming\npm\node_modules\npm\node_modules\@npmcli\arborist\lib\arborist\build-ideal-tree.js:170:7)
21 verbose stack     at async Arborist.reify (C:\Users\T470s\AppData\Roaming\npm\node_modules\npm\node_modules\@npmcli\arborist\lib\arborist\reify.js:111:5)
21 verbose stack     at async Install.exec (C:\Users\T470s\AppData\Roaming\npm\node_modules\npm\lib\commands\install.js:146:5)
21 verbose stack     at async Npm.exec (C:\Users\T470s\AppData\Roaming\npm\node_modules\npm\lib\npm.js:193:9)
21 verbose stack     at async module.exports (C:\Users\T470s\AppData\Roaming\npm\node_modules\npm\lib\cli\entry.js:67:5)
22 error code ERESOLVE
23 error ERESOLVE could not resolve
24 error
25 error While resolving: eslint-plugin-tailwindcss@3.18.2
25 error Found: tailwindcss@4.2.2
25 error node_modules/tailwindcss
25 error   dev tailwindcss@"^4.2.2" from the root project
25 error   tailwindcss@"4.2.2" from @tailwindcss/node@4.2.2
25 error   node_modules/@tailwindcss/node
25 error     @tailwindcss/node@"4.2.2" from @tailwindcss/postcss@4.2.2
25 error     node_modules/@tailwindcss/postcss
25 error       dev @tailwindcss/postcss@"^4" from the root project
25 error   1 more (@tailwindcss/postcss)
25 error
25 error Could not resolve dependency:
25 error peer tailwindcss@"^3.4.0" from eslint-plugin-tailwindcss@3.18.2
25 error node_modules/eslint-plugin-tailwindcss
25 error   dev eslint-plugin-tailwindcss@"^3.18.2" from the root project
25 error
25 error Conflicting peer dependency: tailwindcss@3.4.19
25 error node_modules/tailwindcss
25 error   peer tailwindcss@"^3.4.0" from eslint-plugin-tailwindcss@3.18.2
25 error   node_modules/eslint-plugin-tailwindcss
25 error     dev eslint-plugin-tailwindcss@"^3.18.2" from the root project
25 error
25 error Fix the upstream dependency conflict, or retry this command with --force or --legacy-peer-deps to accept an incorrect (and potentially broken) dependency resolution.
26 error
26 error
26 error For a full report see:
26 error D:\Users\T470s\Downloads\MERN III\Frontend+ backend\module8+9+(final)\npm-cache\_logs\2026-05-12T14_08_12_250Z-eresolve-report.txt
27 silly unfinished npm timer reify 1778594893316
28 silly unfinished npm timer reify:loadTrees 1778594893316
29 silly unfinished npm timer idealTree:buildDeps 1778594893669
30 silly unfinished npm timer idealTree:node_modules/eslint-plugin-tailwindcss 1778594894355
31 verbose cwd d:\Users\T470s\Downloads\MERN III\Frontend+ backend\module8+9+(final)
32 verbose os Windows_NT 10.0.19045
33 verbose node v24.12.0
34 verbose npm  v11.12.1
35 notice
35 notice New minor version of npm available! 11.12.1 -> 11.14.1
35 notice Changelog: https://github.com/npm/cli/releases/tag/v11.14.1
35 notice To update run: npm install -g npm@11.14.1
35 notice  { force: true, Symbol(proc-log.meta): true }
36 verbose exit 1
37 verbose code 1
38 error A complete log of this run can be found in: D:\Users\T470s\Downloads\MERN III\Frontend+ backend\module8+9+(final)\npm-cache\_logs\2026-05-12T14_08_12_250Z-debug-0.log
